<testsuites id="" name="" tests="16" failures="0" skipped="0" errors="0" time="18.795543000000002">
<testsuite name="forms.spec.ts" timestamp="2025-08-28T22:10:55.003Z" hostname="desktop-chromium" tests="2" failures="0" skipped="0" time="10.822" errors="0">
<testcase name="Virtual office form submits (UI)" classname="forms.spec.ts" time="5.14">
</testcase>
<testcase name="Virtual office email validation" classname="forms.spec.ts" time="5.682">
</testcase>
</testsuite>
<testsuite name="simple.spec.ts" timestamp="2025-08-28T22:10:55.003Z" hostname="desktop-chromium" tests="4" failures="0" skipped="0" time="11.284" errors="0">
<testcase name="Homepage loads correctly" classname="simple.spec.ts" time="2.081">
</testcase>
<testcase name="Forms page loads and shows tabs" classname="simple.spec.ts" time="2.794">
</testcase>
<testcase name="Admin page requires authentication" classname="simple.spec.ts" time="0.915">
</testcase>
<testcase name="Form validation works" classname="simple.spec.ts" time="5.494">
</testcase>
</testsuite>
<testsuite name="smoke.spec.ts" timestamp="2025-08-28T22:10:55.003Z" hostname="desktop-chromium" tests="2" failures="0" skipped="0" time="4.316" errors="0">
<testcase name="Home renders" classname="smoke.spec.ts" time="2.808">
</testcase>
<testcase name="Admin shell behind auth" classname="smoke.spec.ts" time="1.508">
</testcase>
</testsuite>
<testsuite name="forms.spec.ts" timestamp="2025-08-28T22:10:55.003Z" hostname="mobile-chromium" tests="2" failures="0" skipped="0" time="14.245" errors="0">
<testcase name="Virtual office form submits (UI)" classname="forms.spec.ts" time="7.089">
</testcase>
<testcase name="Virtual office email validation" classname="forms.spec.ts" time="7.156">
</testcase>
</testsuite>
<testsuite name="simple.spec.ts" timestamp="2025-08-28T22:10:55.003Z" hostname="mobile-chromium" tests="4" failures="0" skipped="0" time="19.059" errors="0">
<testcase name="Homepage loads correctly" classname="simple.spec.ts" time="5.703">
</testcase>
<testcase name="Forms page loads and shows tabs" classname="simple.spec.ts" time="4.846">
</testcase>
<testcase name="Admin page requires authentication" classname="simple.spec.ts" time="2.644">
</testcase>
<testcase name="Form validation works" classname="simple.spec.ts" time="5.866">
</testcase>
</testsuite>
<testsuite name="smoke.spec.ts" timestamp="2025-08-28T22:10:55.003Z" hostname="mobile-chromium" tests="2" failures="0" skipped="0" time="4.862" errors="0">
<testcase name="Home renders" classname="smoke.spec.ts" time="3.043">
</testcase>
<testcase name="Admin shell behind auth" classname="smoke.spec.ts" time="1.819">
</testcase>
</testsuite>
</testsuites>