<testsuites id="" name="" tests="16" failures="0" skipped="0" errors="0" time="17.917364">
<testsuite name="forms.spec.ts" timestamp="2025-08-28T22:16:16.079Z" hostname="desktop-chromium" tests="2" failures="0" skipped="0" time="10.098" errors="0">
<testcase name="Virtual office form submits (UI)" classname="forms.spec.ts" time="4.588">
</testcase>
<testcase name="Virtual office email validation" classname="forms.spec.ts" time="5.51">
</testcase>
</testsuite>
<testsuite name="simple.spec.ts" timestamp="2025-08-28T22:16:16.079Z" hostname="desktop-chromium" tests="4" failures="0" skipped="0" time="10.272" errors="0">
<testcase name="Homepage loads correctly" classname="simple.spec.ts" time="1.962">
</testcase>
<testcase name="Forms page loads and shows tabs" classname="simple.spec.ts" time="2.088">
</testcase>
<testcase name="Admin page requires authentication" classname="simple.spec.ts" time="0.839">
</testcase>
<testcase name="Form validation works" classname="simple.spec.ts" time="5.383">
</testcase>
</testsuite>
<testsuite name="smoke.spec.ts" timestamp="2025-08-28T22:16:16.079Z" hostname="desktop-chromium" tests="2" failures="0" skipped="0" time="3.405" errors="0">
<testcase name="Home renders" classname="smoke.spec.ts" time="2.017">
</testcase>
<testcase name="Admin shell behind auth" classname="smoke.spec.ts" time="1.388">
</testcase>
</testsuite>
<testsuite name="forms.spec.ts" timestamp="2025-08-28T22:16:16.079Z" hostname="mobile-chromium" tests="2" failures="0" skipped="0" time="11.7" errors="0">
<testcase name="Virtual office form submits (UI)" classname="forms.spec.ts" time="6.781">
</testcase>
<testcase name="Virtual office email validation" classname="forms.spec.ts" time="4.919">
</testcase>
</testsuite>
<testsuite name="simple.spec.ts" timestamp="2025-08-28T22:16:16.079Z" hostname="mobile-chromium" tests="4" failures="0" skipped="0" time="12.691" errors="0">
<testcase name="Homepage loads correctly" classname="simple.spec.ts" time="2.955">
</testcase>
<testcase name="Forms page loads and shows tabs" classname="simple.spec.ts" time="2.565">
</testcase>
<testcase name="Admin page requires authentication" classname="simple.spec.ts" time="1.512">
</testcase>
<testcase name="Form validation works" classname="simple.spec.ts" time="5.659">
</testcase>
</testsuite>
<testsuite name="smoke.spec.ts" timestamp="2025-08-28T22:16:16.079Z" hostname="mobile-chromium" tests="2" failures="0" skipped="0" time="3.573" errors="0">
<testcase name="Home renders" classname="smoke.spec.ts" time="1.986">
</testcase>
<testcase name="Admin shell behind auth" classname="smoke.spec.ts" time="1.587">
</testcase>
</testsuite>
</testsuites>